<?xml version="1.0" encoding="UTF-8"?>
<testsuites name="jest tests" tests="8" failures="0" errors="0" time="3.743">
  <testsuite name="KongAuthRegister.ce.vue" errors="0" failures="0" skipped="0" timestamp="2022-01-17T18:04:06" time="2.979" tests="8">
    <testcase classname="KongAuthRegister.ce.vue renders correctly and wraps all child elements in .kong-auth-element class" name="KongAuthRegister.ce.vue renders correctly and wraps all child elements in .kong-auth-element class" time="0.104">
    </testcase>
    <testcase classname="KongAuthRegister.ce.vue renders a register form with default field and button elements" name="KongAuthRegister.ce.vue renders a register form with default field and button elements" time="0.041">
    </testcase>
    <testcase classname="KongAuthRegister.ce.vue prevents submit and shows error if full name field is empty" name="KongAuthRegister.ce.vue prevents submit and shows error if full name field is empty" time="0.036">
    </testcase>
    <testcase classname="KongAuthRegister.ce.vue prevents submit and shows error if organization field is empty" name="KongAuthRegister.ce.vue prevents submit and shows error if organization field is empty" time="0.032">
    </testcase>
    <testcase classname="KongAuthRegister.ce.vue prevents submit and shows error if email field is empty" name="KongAuthRegister.ce.vue prevents submit and shows error if email field is empty" time="0.027">
    </testcase>
    <testcase classname="KongAuthRegister.ce.vue prevents submit and shows error if password field is empty" name="KongAuthRegister.ce.vue prevents submit and shows error if password field is empty" time="0.031">
    </testcase>
    <testcase classname="KongAuthRegister.ce.vue prevents submit and shows error if agree checkbox is not checked" name="KongAuthRegister.ce.vue prevents submit and shows error if agree checkbox is not checked" time="0.031">
    </testcase>
    <testcase classname="KongAuthRegister.ce.vue shows instruction text if instructionText prop is set" name="KongAuthRegister.ce.vue shows instruction text if instructionText prop is set" time="0.026">
    </testcase>
  </testsuite>
</testsuites>